

<!DOCTYPE html>
<html>
<head>
<meta charset="utf-8">
<meta name="viewport" content="width=device-width, initial-scale=1, shrink-to-fit=no">
<title>?? Unbxd E-commerce Test Automation Report</title>
<link rel="apple-touch-icon" href="https://cdn.jsdelivr.net/gh/extent-framework/extent-github-cdn@b00a2d0486596e73dd7326beacf352c639623a0e/commons/img/logo.png">
<link rel="shortcut icon" href="https://cdn.jsdelivr.net/gh/extent-framework/extent-github-cdn@b00a2d0486596e73dd7326beacf352c639623a0e/commons/img/logo.png">
<link href="https://cdn.jsdelivr.net/gh/extent-framework/extent-github-cdn@d6562a79075e061305ccfdb82f01e5e195e2d307/spark/css/spark-style.css" rel="stylesheet" />
<link href="https://stackpath.bootstrapcdn.com/font-awesome/4.7.0/css/font-awesome.min.css" rel="stylesheet">
<script src="https://cdn.jsdelivr.net/gh/extent-framework/extent-github-cdn@7cc78ce/spark/js/jsontree.js"></script>
<style type="text/css">.test-item { margin-bottom: 10px; } .info { color: #17a2b8; } .pass { color: #28a745; } .fail { color: #dc3545; } .warning { color: #ffc107; }</style></head><body class="spa -report standard">
  <div class="app">
    <div class="layout">
<div class="header navbar">
<div class="vheader">
<div class="nav-logo">
<a href="#">
<div class="logo" style="background-image: url('https://cdn.jsdelivr.net/gh/extent-framework/extent-github-cdn@b00a2d0486596e73dd7326beacf352c639623a0e/commons/img/logo.png')"></div>
</a>
</div>
<ul class="nav-left">
<li class="search-box">
<a class="search-toggle" href="#">
<i class="search-icon fa fa-search"></i>
<i class="search-icon-close fa fa-close"></i>
</a>
</li>
<li class="search-input"><input id="search-tests" class="form-control" type="text" placeholder="Search..."></li>
</ul>
<ul class="nav-right">
<li class="m-r-10">
<a href="#"><span class="badge badge-primary">? Product Search & Validation Results</span></a>
</li>
<li class="m-r-10">
<a href="#"><span class="badge badge-primary">Aug 01, 2025 12:24:43</span></a>
</li>
</ul>
</div>
</div><div class="side-nav">
<div class="side-nav-inner">
<ul class="side-nav-menu">
<li class="nav-item dropdown" onclick="toggleView('test-view')">
<a id="nav-test" class="dropdown-toggle" href="#">
<span class="ico"><i class="fa fa-list"></i></span>
</a>
</li>
<li class="nav-item dropdown" onclick="toggleView('dashboard-view')">
<a id="nav-dashboard" class="dropdown-toggle" href="#">
<span class="ico"><i class="fa fa-bar-chart"></i></span>
</a>
</li>
</ul>
</div>
</div>      <div class="vcontainer">
        <div class="main-content">
<div class="test-wrapper row view test-view">
  <div class="test-list">
    <div class="test-list-tools">
<ul class="tools pull-left">
<li><a href="#"><span class="font-size-14">Tests</span></a></li>
</ul>
<ul class="tools text-right">
<li class="dropdown">
<a href="#" class="dropdown-toggle" data-toggle="dropdown"><i class="fa fa-exclamation-circle"></i></a>
<ul id="status-toggle" class="dropdown-menu dropdown-md p-v-0">
<a class="dropdown-item" status="pass" href="#"><span>Pass</span><span class="status success"></span></a>
<a class="dropdown-item" status="fail" href="#"><span>Fail</span><span class="status danger"></span></a>
<div class="dropdown-divider"></div>
<a status="clear" class="dropdown-item" href="#"><span>Clear</span><span class="pull-right"><i class="fa fa-close"></i></span></a>
</ul>
</li>
</ul>
</div>    <div class="test-list-wrapper scrollable">
      <ul class="test-list-item">
        <li class="test-item"  status="pass" test-id="1"
          author=""
          tag=""
          device="">
          <div class="test-detail">
            <p class="name">SpellCheckQuery - tc_127_validateSpellCheckQueryAPI</p>
            <p class="text-sm">
              <span>12:24:45 pm</span> / <span>00:00:09:196</span>
              <span class="badge pass-bg log float-right">Pass</span>
            </p>
          </div>
          <div class="test-contents d-none">
<div class="detail-head">
<div class="p-v-10">
<div class="info">
<h5 class="test-status text-pass">SpellCheckQuery - tc_127_validateSpellCheckQueryAPI</h5>
<span class='badge badge-success'>08.01.2025 12:24:45 pm</span>
<span class='badge badge-danger'>08.01.2025 12:24:54 pm</span>
<span class='badge badge-default'>00:00:09:196</span>
&middot; <span class='uri-anchor badge badge-default'>#test-id=1</span>
<span class='badge badge-default pointer float-right ml-1 et'><i class="fa fa-chevron-down"></i></span>
<span class='badge badge-default pointer float-right ct'><i class="fa fa-chevron-up"></i></span>
</div>
</div>
</div><div class="detail-body mt-4">
<table class="table table-sm">
  <thead><tr><th class="status-col">Status</th><th class="timestamp-col">Timestamp</th><th class="details-col">Details</th></tr></thead>
  <tbody>
      <tr class="event-row">
        <td><span class="badge log info-bg">Info</span></td>
        <td>12:24:45 pm</td>
        <td>
          ? Starting test: tc_127_validateSpellCheckQueryAPI
        </td>
      </tr>
      <tr class="event-row">
        <td><span class="badge log info-bg">Info</span></td>
        <td>12:24:47 pm</td>
        <td>
          Search API URL: https://search.unbxd.io/6d50ad03aeb54e49824ed69599611106/ss-unbxd-aapac-prod-mapactive-en-MY65121748366945/search?q=jocket
        </td>
      </tr>
      <tr class="event-row">
        <td><span class="badge log pass-bg">Pass</span></td>
        <td>12:24:53 pm</td>
        <td>
          ? Products found for query: jocket
        </td>
      </tr>
      <tr class="event-row">
        <td><span class="badge log pass-bg">Pass</span></td>
        <td>12:24:54 pm</td>
        <td>
          ? All spell check validations passed
        </td>
      </tr>
      <tr class="event-row">
        <td><span class="badge log pass-bg">Pass</span></td>
        <td>12:24:54 pm</td>
        <td>
          ? Test Passed Successfully
        </td>
      </tr>
  </tbody>
</table>
</div>
          </div>
        </li>
        <li class="test-item"  status="fail" test-id="2"
          author=""
          tag=""
          device="">
          <div class="test-detail">
            <p class="name">PaginationValidationTest - TC_187_validatePagination</p>
            <p class="text-sm">
              <span>12:24:56 pm</span> / <span>00:00:54:663</span>
              <span class="badge fail-bg log float-right">Fail</span>
            </p>
          </div>
          <div class="test-contents d-none">
<div class="detail-head">
<div class="p-v-10">
<div class="info">
<h5 class="test-status text-fail">PaginationValidationTest - TC_187_validatePagination</h5>
<span class='badge badge-success'>08.01.2025 12:24:56 pm</span>
<span class='badge badge-danger'>08.01.2025 12:25:50 pm</span>
<span class='badge badge-default'>00:00:54:663</span>
&middot; <span class='uri-anchor badge badge-default'>#test-id=2</span>
<span class='badge badge-default pointer float-right ml-1 et'><i class="fa fa-chevron-down"></i></span>
<span class='badge badge-default pointer float-right ct'><i class="fa fa-chevron-up"></i></span>
</div>
</div>
</div>    <div class="row mb-3"><div class="col-md-3">
<img data-featherlight='screenshots/search_results_page_1754031318676.png' src="screenshots/search_results_page_1754031318676.png">
    <div class="title">search_results_page</div>
    </div></div>
<div class="detail-body mt-4">
<table class="table table-sm">
  <thead><tr><th class="status-col">Status</th><th class="timestamp-col">Timestamp</th><th class="details-col">Details</th></tr></thead>
  <tbody>
      <tr class="event-row">
        <td><span class="badge log info-bg">Info</span></td>
        <td>12:24:56 pm</td>
        <td>
          ? Starting test: TC_187_validatePagination
        </td>
      </tr>
      <tr class="event-row">
        <td><span class="badge log info-bg">Info</span></td>
        <td>12:25:00 pm</td>
        <td>
          Entering search query: shoes
        </td>
      </tr>
      <tr class="event-row">
        <td><span class="badge log info-bg">Info</span></td>
        <td>12:25:18 pm</td>
        <td>
          Initial URL: https://www.footlocker.my/catalogsearch/result/?q=shoes
        </td>
      </tr>
      <tr class="event-row">
        <td><span class="badge log fail-bg">Fail</span></td>
        <td>12:25:50 pm</td>
        <td>
          ? Test Failed: java.lang.AssertionError: Pagination should be present on search results page expected [true] but found [false]
        </td>
      </tr>
      <tr class="event-row">
        <td><span class="badge log fail-bg">Fail</span></td>
        <td>12:25:50 pm</td>
        <td>
          Test failed with exception: Pagination should be present on search results page expected [true] but found [false]
        </td>
      </tr>
  </tbody>
</table>
</div>
          </div>
        </li>
        <li class="test-item"  status="fail" test-id="3"
          author=""
          tag=""
          device="">
          <div class="test-detail">
            <p class="name">PaginationValidationTest - TC_188_validatePaginationNavigationFunctionality</p>
            <p class="text-sm">
              <span>12:25:50 pm</span> / <span>00:01:06:621</span>
              <span class="badge fail-bg log float-right">Fail</span>
            </p>
          </div>
          <div class="test-contents d-none">
<div class="detail-head">
<div class="p-v-10">
<div class="info">
<h5 class="test-status text-fail">PaginationValidationTest - TC_188_validatePaginationNavigationFunctionality</h5>
<span class='badge badge-success'>08.01.2025 12:25:50 pm</span>
<span class='badge badge-danger'>08.01.2025 12:26:57 pm</span>
<span class='badge badge-default'>00:01:06:621</span>
&middot; <span class='uri-anchor badge badge-default'>#test-id=3</span>
<span class='badge badge-default pointer float-right ml-1 et'><i class="fa fa-chevron-down"></i></span>
<span class='badge badge-default pointer float-right ct'><i class="fa fa-chevron-up"></i></span>
</div>
</div>
</div><div class="detail-body mt-4">
<table class="table table-sm">
  <thead><tr><th class="status-col">Status</th><th class="timestamp-col">Timestamp</th><th class="details-col">Details</th></tr></thead>
  <tbody>
      <tr class="event-row">
        <td><span class="badge log info-bg">Info</span></td>
        <td>12:25:50 pm</td>
        <td>
          ? Starting test: TC_188_validatePaginationNavigationFunctionality
        </td>
      </tr>
      <tr class="event-row">
        <td><span class="badge log info-bg">Info</span></td>
        <td>12:25:52 pm</td>
        <td>
          Entering search query: shoes
        </td>
      </tr>
      <tr class="event-row">
        <td><span class="badge log fail-bg">Fail</span></td>
        <td>12:26:57 pm</td>
        <td>
          ? Test Failed: java.lang.AssertionError: Navigation to next page is not working did not expect [https://www.footlocker.my/catalogsearch/result/?q=shoes] but found [https://www.footlocker.my/catalogsearch/result/?q=shoes]
        </td>
      </tr>
      <tr class="event-row">
        <td><span class="badge log fail-bg">Fail</span></td>
        <td>12:26:57 pm</td>
        <td>
          Test failed with exception: Navigation to next page is not working did not expect [https://www.footlocker.my/catalogsearch/result/?q=shoes] but found [https://www.footlocker.my/catalogsearch/result/?q=shoes]
        </td>
      </tr>
  </tbody>
</table>
</div>
          </div>
        </li>
        <li class="test-item"  status="fail" test-id="4"
          author=""
          tag=""
          device="">
          <div class="test-detail">
            <p class="name">SearchWithProductTitle - autoSuggestionWithProductTitle</p>
            <p class="text-sm">
              <span>12:27:00 pm</span> / <span>00:00:23:578</span>
              <span class="badge fail-bg log float-right">Fail</span>
            </p>
          </div>
          <div class="test-contents d-none">
<div class="detail-head">
<div class="p-v-10">
<div class="info">
<h5 class="test-status text-fail">SearchWithProductTitle - autoSuggestionWithProductTitle</h5>
<span class='badge badge-success'>08.01.2025 12:27:00 pm</span>
<span class='badge badge-danger'>08.01.2025 12:27:24 pm</span>
<span class='badge badge-default'>00:00:23:578</span>
&middot; <span class='uri-anchor badge badge-default'>#test-id=4</span>
<span class='badge badge-default pointer float-right ml-1 et'><i class="fa fa-chevron-down"></i></span>
<span class='badge badge-default pointer float-right ct'><i class="fa fa-chevron-up"></i></span>
</div>
</div>
</div><div class="detail-body mt-4">
<table class="table table-sm">
  <thead><tr><th class="status-col">Status</th><th class="timestamp-col">Timestamp</th><th class="details-col">Details</th></tr></thead>
  <tbody>
      <tr class="event-row">
        <td><span class="badge log info-bg">Info</span></td>
        <td>12:27:00 pm</td>
        <td>
          ? Starting test: autoSuggestionWithProductTitle
        </td>
      </tr>
      <tr class="event-row">
        <td><span class="badge log info-bg">Info</span></td>
        <td>12:27:00 pm</td>
        <td>
          ?? [PRODUCT-SEARCH] Starting 3-Product Validation for: footlocker
        </td>
      </tr>
      <tr class="event-row">
        <td><span class="badge log info-bg">Info</span></td>
        <td>12:27:01 pm</td>
        <td>
          Found 10 products in API response
        </td>
      </tr>
      <tr class="event-row">
        <td><span class="badge log info-bg">Info</span></td>
        <td>12:27:01 pm</td>
        <td>
          Navigating to website: https://www.footlocker.my/
        </td>
      </tr>
      <tr class="event-row">
        <td><span class="badge log pass-bg">Pass</span></td>
        <td>12:27:05 pm</td>
        <td>
          Successfully navigated to website
        </td>
      </tr>
      <tr class="event-row">
        <td><span class="badge log info-bg">Info</span></td>
        <td>12:27:17 pm</td>
        <td>
          Page loaded and popups handled
        </td>
      </tr>
      <tr class="event-row">
        <td><span class="badge log info-bg">Info</span></td>
        <td>12:27:17 pm</td>
        <td>
          === Product 1: Jordan Post Men's Sandals - Black ===
        </td>
      </tr>
      <tr class="event-row">
        <td><span class="badge log info-bg">Info</span></td>
        <td>12:27:17 pm</td>
        <td>
          === Product 1 Verification ===
        </td>
      </tr>
      <tr class="event-row">
        <td><span class="badge log info-bg">Info</span></td>
        <td>12:27:17 pm</td>
        <td>
          Product Title: Jordan Post Men's Sandals - Black
        </td>
      </tr>
      <tr class="event-row">
        <td><span class="badge log pass-bg">Pass</span></td>
        <td>12:27:19 pm</td>
        <td>
          Product title entered successfully
        </td>
      </tr>
      <tr class="event-row">
        <td><span class="badge log info-bg">Info</span></td>
        <td>12:27:22 pm</td>
        <td>
          Verifying all product attributes (title, image, URL)...
        </td>
      </tr>
      <tr class="event-row">
        <td><span class="badge log fail-bg">Fail</span></td>
        <td>12:27:24 pm</td>
        <td>
          ? Test Failed: java.util.MissingFormatArgumentException: Format specifier '%s'
        </td>
      </tr>
      <tr class="event-row">
        <td><span class="badge log fail-bg">Fail</span></td>
        <td>12:27:24 pm</td>
        <td>
          Test failed with exception: Format specifier '%s'
        </td>
      </tr>
  </tbody>
</table>
</div>
          </div>
        </li>
        <li class="test-item"  status="pass" test-id="5"
          author=""
          tag=""
          device="">
          <div class="test-detail">
            <p class="name">SearchWithProductTitle - searchResultwithProductTitle</p>
            <p class="text-sm">
              <span>12:27:24 pm</span> / <span>00:00:27:809</span>
              <span class="badge pass-bg log float-right">Pass</span>
            </p>
          </div>
          <div class="test-contents d-none">
<div class="detail-head">
<div class="p-v-10">
<div class="info">
<h5 class="test-status text-pass">SearchWithProductTitle - searchResultwithProductTitle</h5>
<span class='badge badge-success'>08.01.2025 12:27:24 pm</span>
<span class='badge badge-danger'>08.01.2025 12:27:52 pm</span>
<span class='badge badge-default'>00:00:27:809</span>
&middot; <span class='uri-anchor badge badge-default'>#test-id=5</span>
<span class='badge badge-default pointer float-right ml-1 et'><i class="fa fa-chevron-down"></i></span>
<span class='badge badge-default pointer float-right ct'><i class="fa fa-chevron-up"></i></span>
</div>
</div>
</div>    <div class="row mb-3"><div class="col-md-3">
<img data-featherlight='screenshots/Jordan Heir Pf Women's Basketball Shoes - Sail_1754031472087.png' src="screenshots/Jordan Heir Pf Women's Basketball Shoes - Sail_1754031472087.png">
    <div class="title">Jordan Heir Pf Women's Basketball Shoes - Sail</div>
    </div></div>
<div class="detail-body mt-4">
<table class="table table-sm">
  <thead><tr><th class="status-col">Status</th><th class="timestamp-col">Timestamp</th><th class="details-col">Details</th></tr></thead>
  <tbody>
      <tr class="event-row">
        <td><span class="badge log info-bg">Info</span></td>
        <td>12:27:24 pm</td>
        <td>
          ? Starting test: searchResultwithProductTitle
        </td>
      </tr>
      <tr class="event-row">
        <td><span class="badge log info-bg">Info</span></td>
        <td>12:27:24 pm</td>
        <td>
          ? [TITLE-SEARCH] Search for complete Product title and Click product for: footlocker
        </td>
      </tr>
      <tr class="event-row">
        <td><span class="badge log info-bg">Info</span></td>
        <td>12:27:24 pm</td>
        <td>
          Found 10 products in API response
        </td>
      </tr>
      <tr class="event-row">
        <td><span class="badge log info-bg">Info</span></td>
        <td>12:27:24 pm</td>
        <td>
          Selected Product: Jordan Heir Pf Women's Basketball Shoes - Sail | Product URL: 
        </td>
      </tr>
      <tr class="event-row">
        <td><span class="badge log info-bg">Info</span></td>
        <td>12:27:24 pm</td>
        <td>
          Navigating to website: https://www.footlocker.my/
        </td>
      </tr>
      <tr class="event-row">
        <td><span class="badge log pass-bg">Pass</span></td>
        <td>12:27:27 pm</td>
        <td>
          Successfully navigated to website
        </td>
      </tr>
      <tr class="event-row">
        <td><span class="badge log info-bg">Info</span></td>
        <td>12:27:39 pm</td>
        <td>
          Page loaded and popups handled
        </td>
      </tr>
      <tr class="event-row">
        <td><span class="badge log info-bg">Info</span></td>
        <td>12:27:39 pm</td>
        <td>
          Entering product title in search field: Jordan Heir Pf Women's Basketball Shoes - Sail
        </td>
      </tr>
      <tr class="event-row">
        <td><span class="badge log pass-bg">Pass</span></td>
        <td>12:27:40 pm</td>
        <td>
          Product title entered successfully
        </td>
      </tr>
      <tr class="event-row">
        <td><span class="badge log info-bg">Info</span></td>
        <td>12:27:52 pm</td>
        <td>
          Starting post-search validations...
        </td>
      </tr>
      <tr class="event-row">
        <td><span class="badge log info-bg">Info</span></td>
        <td>12:27:52 pm</td>
        <td>
          Validating current URL contains product information...
        </td>
      </tr>
      <tr class="event-row">
        <td><span class="badge log info-bg">Info</span></td>
        <td>12:27:52 pm</td>
        <td>
          Current URL: https://www.footlocker.my/catalogsearch/result/?q=Jordan+Heir+Pf+Women%27s+Basketball+Shoes+-+Sail
        </td>
      </tr>
      <tr class="event-row">
        <td><span class="badge log info-bg">Info</span></td>
        <td>12:27:52 pm</td>
        <td>
          Validating product title is present in UI...
        </td>
      </tr>
      <tr class="event-row">
        <td><span class="badge log pass-bg">Pass</span></td>
        <td>12:27:52 pm</td>
        <td>
          Product title found in search results UI
        </td>
      </tr>
      <tr class="event-row">
        <td><span class="badge log pass-bg">Pass</span></td>
        <td>12:27:52 pm</td>
        <td>
          TEST PASSED: Random product search with comprehensive validation completed successfully!
        </td>
      </tr>
      <tr class="event-row">
        <td><span class="badge log pass-bg">Pass</span></td>
        <td>12:27:52 pm</td>
        <td>
          ? Test Passed Successfully
        </td>
      </tr>
  </tbody>
</table>
</div>
          </div>
        </li>
        <li class="test-item"  status="fail" test-id="6"
          author=""
          tag=""
          device="">
          <div class="test-detail">
            <p class="name">SpellCheckQuery - tc_128_validateSpellCheckInUI</p>
            <p class="text-sm">
              <span>12:27:53 pm</span> / <span>00:00:00:104</span>
              <span class="badge fail-bg log float-right">Fail</span>
            </p>
          </div>
          <div class="test-contents d-none">
<div class="detail-head">
<div class="p-v-10">
<div class="info">
<h5 class="test-status text-fail">SpellCheckQuery - tc_128_validateSpellCheckInUI</h5>
<span class='badge badge-success'>08.01.2025 12:27:53 pm</span>
<span class='badge badge-danger'>08.01.2025 12:27:54 pm</span>
<span class='badge badge-default'>00:00:00:104</span>
&middot; <span class='uri-anchor badge badge-default'>#test-id=6</span>
<span class='badge badge-default pointer float-right ml-1 et'><i class="fa fa-chevron-down"></i></span>
<span class='badge badge-default pointer float-right ct'><i class="fa fa-chevron-up"></i></span>
</div>
</div>
</div><div class="detail-body mt-4">
<table class="table table-sm">
  <thead><tr><th class="status-col">Status</th><th class="timestamp-col">Timestamp</th><th class="details-col">Details</th></tr></thead>
  <tbody>
      <tr class="event-row">
        <td><span class="badge log info-bg">Info</span></td>
        <td>12:27:53 pm</td>
        <td>
          ? Starting test: tc_128_validateSpellCheckInUI
        </td>
      </tr>
      <tr class="event-row">
        <td><span class="badge log info-bg">Info</span></td>
        <td>12:27:54 pm</td>
        <td>
          Spell check query: jocket and corrected query: jacket
        </td>
      </tr>
      <tr class="event-row">
        <td><span class="badge log fail-bg">Fail</span></td>
        <td>12:27:54 pm</td>
        <td>
          ? Test Failed: org.openqa.selenium.NoSuchSessionException: invalid session id: session deleted as the browser has closed the connection
from disconnected: not connected to DevTools
  (Session info: chrome=138.0.7204.169)
Build info: version: '4.19.1', revision: 'abe0ee07dc'
System info: os.name: 'Windows 10', os.arch: 'amd64', os.version: '10.0', java.version: '17.0.11'
Driver info: org.openqa.selenium.chrome.ChromeDriver
Command: [d8492dee355dd169d2828fb428c3c9bc, get {url=https://www.footlocker.my/}]
Capabilities {acceptInsecureCerts: false, browserName: chrome, browserVersion: 138.0.7204.169, chrome: {chromedriverVersion: 138.0.7204.183 (e90faf484dd..., userDataDir: C:\Users\unbxd\AppData\Loca...}, fedcm:accounts: true, goog:chromeOptions: {debuggerAddress: localhost:63381}, networkConnectionEnabled: false, pageLoadStrategy: normal, platformName: windows, proxy: Proxy(), se:cdp: ws://localhost:63381/devtoo..., se:cdpVersion: 138.0.7204.169, setWindowRect: true, strictFileInteractability: false, timeouts: {implicit: 0, pageLoad: 300000, script: 30000}, unhandledPromptBehavior: dismiss and notify, webauthn:extension:credBlob: true, webauthn:extension:largeBlob: true, webauthn:extension:minPinLength: true, webauthn:extension:prf: true, webauthn:virtualAuthenticators: true}
Session ID: d8492dee355dd169d2828fb428c3c9bc
        </td>
      </tr>
      <tr class="event-row">
        <td><span class="badge log fail-bg">Fail</span></td>
        <td>12:27:54 pm</td>
        <td>
          Test failed with exception: invalid session id: session deleted as the browser has closed the connection
from disconnected: not connected to DevTools
  (Session info: chrome=138.0.7204.169)
Build info: version: '4.19.1', revision: 'abe0ee07dc'
System info: os.name: 'Windows 10', os.arch: 'amd64', os.version: '10.0', java.version: '17.0.11'
Driver info: org.openqa.selenium.chrome.ChromeDriver
Command: [d8492dee355dd169d2828fb428c3c9bc, get {url=https://www.footlocker.my/}]
Capabilities {acceptInsecureCerts: false, browserName: chrome, browserVersion: 138.0.7204.169, chrome: {chromedriverVersion: 138.0.7204.183 (e90faf484dd..., userDataDir: C:\Users\unbxd\AppData\Loca...}, fedcm:accounts: true, goog:chromeOptions: {debuggerAddress: localhost:63381}, networkConnectionEnabled: false, pageLoadStrategy: normal, platformName: windows, proxy: Proxy(), se:cdp: ws://localhost:63381/devtoo..., se:cdpVersion: 138.0.7204.169, setWindowRect: true, strictFileInteractability: false, timeouts: {implicit: 0, pageLoad: 300000, script: 30000}, unhandledPromptBehavior: dismiss and notify, webauthn:extension:credBlob: true, webauthn:extension:largeBlob: true, webauthn:extension:minPinLength: true, webauthn:extension:prf: true, webauthn:virtualAuthenticators: true}
Session ID: d8492dee355dd169d2828fb428c3c9bc
        </td>
      </tr>
  </tbody>
</table>
</div>
          </div>
        </li>
      </ul>
    </div>
  </div>
<div class="test-content scrollable">
<div class="test-content-tools">
<ul><li><a class="back-to-test" href="#"><i class="fa fa-arrow-left"></i></a></li></ul>
</div>
<div class="test-content-detail"><div class="detail-body"></div></div>
</div></div>
<div class="container-fluid p-4 view dashboard-view">
<div class="row">
<div class="col-md-3">
<div class="card"><div class="card-body">
<p class="m-b-0">Started</p>
<h3>Aug 01, 2025 12:24:43</h3>
</div></div>
</div>
<div class="col-md-3">
<div class="card"><div class="card-body">
<p class="m-b-0">Ended</p>
<h3>Aug 01, 2025 12:27:54</h3>
</div></div>
</div>
<div class="col-md-3">
<div class="card"><div class="card-body">
<p class="m-b-0 text-pass">Tests Passed</p>
<h3>2</h3>
</div></div>
</div>
<div class="col-md-3">
<div class="card"><div class="card-body">
<p class="m-b-0 text-fail">Tests Failed</p>
<h3>4</h3>
</div></div>
</div>
</div>
<div class="row">
<div class="col-md-6">
<div class="card">
<div class="card-header">
<h6 class="card-title">Tests</h6>
</div>
<div class="card-body">
<div class="">
<canvas id='parent-analysis' width='115' height='90'></canvas>
</div>
</div>
<div class="card-footer">
<div><small data-tooltip='33%'>
<b>2</b> tests passed
</small>
</div>
<div>
<small data-tooltip='66%'><b>4</b> tests failed,
<b>0</b> skipped, <b data-tooltip='0%'>0</b> others
</small>
</div>
</div>
</div>
</div>
<div class="col-md-6">
<div class="card">
<div class="card-header">
<h6 class="card-title">Log events</h6>
</div>
<div class="card-body">
<div class="">
<canvas id='events-analysis' width='115' height='90'></canvas>
</div>
</div>
<div class="card-footer">
<div><small data-tooltip='21%'><b>10</b> events passed</small></div>
<div>
<small data-tooltip='17%'><b>8</b> events failed,
<b data-tooltip='%'>29</b> others
</small>
</div>
</div>
</div>
</div>
</div>
<div class="row"><div class="col-md-12">
<div class="card"><div class="card-header"><p>Timeline</p></div>
<div class="card-body pt-0"><div>
<canvas id="timeline" height="120"></canvas>
</div></div>
</div>
</div></div>
<script>
var timeline = {
"SpellCheckQuery - tc_127_validateSpellCheckQueryAPI":9.196,"PaginationValidationTest - TC_187_validatePagination":54.663,"PaginationValidationTest - TC_188_validatePaginationNavigationFunctionality":66.621,"SearchWithProductTitle - autoSuggestionWithProductTitle":23.578,"SearchWithProductTitle - searchResultwithProductTitle":27.809,"SpellCheckQuery - tc_128_validateSpellCheckInUI":0.104
};
</script>
<div class="row">
<div class="col-lg-6 col-md-12 sysenv-container">
<div class="card">
<div class="card-header"><p>System/Environment</p></div>
<div class="card-body pb-0 pt-0"><table class="table table-sm table-bordered">
<thead><tr class="bg-gray"><th>Name</th><th>Value</th></tr></thead>
<tbody>
<tr>
<td>?? Operating System</td>
<td>Windows 10 10.0</td>
</tr>
<tr>
<td>? Java Version</td>
<td>17.0.11</td>
</tr>
<tr>
<td>? User</td>
<td>unbxd</td>
</tr>
<tr>
<td>? Browser</td>
<td>Google Chrome (Latest)</td>
</tr>
<tr>
<td>? Selenium Version</td>
<td>4.19.1</td>
</tr>
<tr>
<td>? Test Framework</td>
<td>TestNG + REST Assured</td>
</tr>
<tr>
<td>?? Environment</td>
<td>QA Test Environment</td>
</tr>
<tr>
<td>? Report Generated</td>
<td>Aug 01, 2025 at 12:24:43</td>
</tr>
<tr>
<td>? Test Scope</td>
<td>API + UI Validation</td>
</tr>
<tr>
<td>? Test Categories</td>
<td>Product Search, Autosuggest, Image Validation</td>
</tr>
</tbody>
</table></div>
</div>
</div>
</div>
</div>
<script>
var statusGroup = {
parentCount: 5,
passParent: 2,
failParent: 4,
warningParent: 0,
skipParent: 0,
childCount: 5,
passChild: 0,
failChild: 0,
warningChild: 0,
skipChild: 0,
infoChild: 0,
grandChildCount: 5,
passGrandChild: 0,
failGrandChild: 0,
warningGrandChild: 0,
skipGrandChild: 0,
infoGrandChild: 0,
eventsCount: 5,
passEvents: 10,
failEvents: 8,
warningEvents: 0,
skipEvents: 0,
infoEvents: 29
};
</script>        </div>
      </div>
    </div>
  </div>
<script src="https://cdn.jsdelivr.net/gh/extent-framework/extent-github-cdn@d6562a79075e061305ccfdb82f01e5e195e2d307/spark/js/spark-script.js"></script>
<script type="text/javascript"></script></body>
</html>